2024-01-31 16:30:59 : Begin installation
2024-01-31 16:30:59 : Show EULA
2024-01-31 16:31:00 : Setting automatic paths:
2024-01-31 16:31:00 : Using the default user preferences path to install the module.
2024-01-31 16:31:00 : C:\Users\unilo\Documents\maya\modules
2024-01-31 16:31:00 : C:\Users\unilo\Documents\maya\modules
2024-01-31 16:31:09 : Installing files to: C:\Users\unilo\Documents\maya\modules
2024-01-31 16:31:09 : Copying: C:\Users\unilo\Downloads\brSmoothWeights\brSmoothWeights\modules\brSmoothWeights to: C:\Users\unilo\Documents\maya\modules\brSmoothWeights
2024-01-31 16:31:09 : Creating module file in: C:\Users\unilo\Documents\maya\modules
2024-01-31 16:31:09 : Writing module file: C:\Users\unilo\Documents\maya\modules\brSmoothWeights.mod
2024-01-31 16:31:09 : Installation complete.
2024-01-31 16:42:29 : Begin installation
2024-01-31 16:42:29 : Show EULA
2024-01-31 16:42:31 : Found loaded plug-in: brSmoothWeights.mll
2024-01-31 16:42:41 : Unloaded plug-in: brSmoothWeights.mll
2024-01-31 16:42:41 : Found existing modules:
2024-01-31 16:42:41 : 	C:/Users/unilo/Documents/maya/modules\brSmoothWeights.mod
2024-01-31 16:42:41 : Found existing module contents:
2024-01-31 16:42:41 : 	C:\Users\unilo\Documents\maya\modules/brSmoothWeights
2024-01-31 16:42:41 : Setting automatic paths:
2024-01-31 16:42:41 : Using the previous installation path to install the module.
2024-01-31 16:42:41 : C:\Users\unilo\Documents\maya\modules
2024-01-31 16:42:41 : C:/Users/unilo/Documents/maya/modules
2024-01-31 16:42:44 : Deleting previously installed modules.
2024-01-31 16:42:44 : Deleting: C:/Users/unilo/Documents/maya/modules\brSmoothWeights.mod
2024-01-31 16:42:44 : Deleting previously installed module contents.
2024-01-31 16:42:44 : Removed: C:\Users\unilo\Documents\maya\modules/brSmoothWeights
2024-01-31 16:42:44 : Uninstall completed.
2024-01-31 16:42:49 : Creating module file in: C:/Users/unilo/Documents/maya/modules
2024-01-31 16:42:49 : Writing module file: C:/Users/unilo/Documents/maya/modules\brSmoothWeights.mod
2024-01-31 16:42:49 : Module file created.
2024-01-31 16:48:01 : Begin installation
2024-01-31 16:48:01 : Show EULA
2024-01-31 16:48:02 : Found existing modules:
2024-01-31 16:48:02 : 	C:/Users/unilo/Documents/maya/modules\brSmoothWeights.mod
2024-01-31 16:48:02 : Setting automatic paths:
2024-01-31 16:48:02 : Using the default user preferences path to install the module.
2024-01-31 16:48:02 : C:\Users\unilo\Documents\maya\modules
2024-01-31 16:48:02 : C:\Users\unilo\Documents\maya\modules
2024-01-31 16:48:04 : Deleting previously installed modules.
2024-01-31 16:48:04 : Deleting: C:/Users/unilo/Documents/maya/modules\brSmoothWeights.mod
2024-01-31 16:48:04 : No previously installed modules contents found.
2024-01-31 16:48:04 : Uninstall completed.
2024-01-31 16:48:11 : Installing files to: C:\Users\unilo\Documents\maya\modules
2024-01-31 16:48:11 : Copying: C:\Users\unilo\Downloads\brSmoothWeights\brSmoothWeights\modules\brSmoothWeights to: C:\Users\unilo\Documents\maya\modules\brSmoothWeights
2024-01-31 16:48:11 : Creating module file in: C:\Users\unilo\Documents\maya\modules
2024-01-31 16:48:11 : Writing module file: C:\Users\unilo\Documents\maya\modules\brSmoothWeights.mod
2024-01-31 16:48:11 : Installation complete.
2024-01-31 17:53:57 : Begin installation
2024-01-31 17:53:57 : Show EULA
2024-01-31 17:53:58 : Found existing modules:
2024-01-31 17:53:58 : 	C:/Users/unilo/Documents/maya/modules\brSmoothWeights.mod
2024-01-31 17:53:58 : Found existing module contents:
2024-01-31 17:53:58 : 	C:\Users\unilo\Documents\maya\modules/brSmoothWeights
2024-01-31 17:53:58 : Setting automatic paths:
2024-01-31 17:53:58 : Using the previous installation path to install the module.
2024-01-31 17:53:58 : C:\Users\unilo\Documents\maya\modules
2024-01-31 17:53:58 : C:/Users/unilo/Documents/maya/modules
2024-01-31 17:54:00 : Deleting previously installed modules.
2024-01-31 17:54:00 : Deleting: C:/Users/unilo/Documents/maya/modules\brSmoothWeights.mod
2024-01-31 17:54:00 : Deleting previously installed module contents.
2024-01-31 17:54:00 : Removed: C:\Users\unilo\Documents\maya\modules/brSmoothWeights
2024-01-31 17:54:00 : Installing files to: C:\Users\unilo\Documents\maya\modules
2024-01-31 17:54:00 : Copying: C:\Users\unilo\Documents\maya\Plug-ins\brSmoothWeights\modules\brSmoothWeights to: C:\Users\unilo\Documents\maya\modules\brSmoothWeights
2024-01-31 17:54:00 : Creating module file in: C:/Users/unilo/Documents/maya/modules
2024-01-31 17:54:00 : Writing module file: C:/Users/unilo/Documents/maya/modules\brSmoothWeights.mod
2024-01-31 17:54:00 : Installation complete.
