2024-02-09 16:29:17: LOG: Import: Z:/WORKsync/00_Work/Data/MSH_New_male_LP.fbx
2024-02-10 01:43:07: LOG: Import: Z:/WORKsync/00_Work/Data/PROVAECANCELLA.fbx
2024-02-10 01:43:16: LOG: [WARNING] BindPose - Incomplete BindPose [nodes parents] - The following parent and/or ancestor node(s) is/are not part of the BindPose definition. topa_grp claws_grp teeth_grp eye_l_grp eyes_grp eye_r_grp
2024-02-25 18:29:00: LOG: Import: C:/Users/unilo/Desktop/test.fbx
2024-02-25 18:33:20: LOG: Import: C:/Users/unilo/Desktop/test.fbx
2024-02-25 18:36:52: LOG: Import: C:/Users/unilo/Desktop/test.fbx
2024-02-25 20:31:15: LOG: Import: C:/Users/unilo/Desktop/test.fbx
2024-02-25 21:08:43: LOG: Import: C:/Users/unilo/Desktop/test.fbx
2024-03-06 18:27:36: LOG: Import: C:/Users/unilo/Desktop/Costal_Dragon_Surfacing_Blender_v0001_UVs.fbx
2024-03-09 19:06:26: LOG: Import: C:/Users/unilo/Downloads/morro_motion-finger_taunt-8131501e.fbx
2024-03-09 21:54:36: LOG: Import: C:/Users/unilo/Downloads/morro_motion-finger_taunt-8131501e.fbx
2024-03-13 13:46:01: LOG: Import: C:/Users/unilo/Downloads/InPlace/InPlace/attacked_L.FBX
2024-03-13 13:46:09: LOG: Import: C:/Users/unilo/Downloads/InPlace/InPlace/attack1.FBX
2024-03-13 13:46:16: LOG: Import: C:/Users/unilo/Downloads/InPlace/InPlace/FlyingMageSet_Groundversion_Anim_buff1.FBX
2024-03-13 13:46:21: LOG: Import: C:/Users/unilo/Downloads/InPlace/InPlace/FlyingMageSet_Groundversion_Anim_takeoff_gr.FBX
2024-03-13 13:46:43: LOG: Import: C:/Users/unilo/Downloads/InPlace/InPlace/idle.FBX
2024-03-13 13:46:53: LOG: Import: C:/Users/unilo/Downloads/InPlace/InPlace/idle.FBX
2024-03-13 13:47:06: LOG: Import: C:/Users/unilo/Downloads/InPlace/InPlace/buff1.FBX
2024-03-15 18:05:06: LOG: Import: C:/Users/unilo/Downloads/move_one.fbx
2024-03-16 14:54:58: LOG: Import: C:/Users/unilo/Downloads/move_one.fbx
2024-03-20 22:48:47: LOG: Import: C:/Users/unilo/Downloads/MSH_Big_Daddy_low_res.fbx
2024-03-23 13:18:16: LOG: Import: C:/Users/unilo/Documents/Download MEGA/Minthara_Spidersilk_Armour_Outfit_1492_DR/CINE_Elves_Female_Drow_Minthara.fbx
2024-04-03 12:32:21: LOG: Import: C:/Users/unilo/Downloads/E0031_Narugamon/E0031_Narugamon.fbx
2024-04-03 12:40:19: LOG: Import: C:/Users/unilo/Downloads/E0031_Narugamon/E0031_Narugamon.fbx
2024-04-03 13:05:05: LOG: Import: C:/Users/unilo/Downloads/SKM_AssassinGirl_7.FBX
2024-04-08 19:48:58: LOG: Import: C:/Users/unilo/Downloads/Evomons-20240408T141437Z-001/Evomons/Snaquamon_3D Model/E0051_Snaquamon_DemoRig.fbx
2024-04-08 19:50:24: LOG: Import: C:/Users/unilo/Downloads/Evomons-20240408T141437Z-001/Evomons/Snaquamon_3D Model/E0051_Snaquamon_DemoShape.fbx
2024-04-08 19:50:52: LOG: Import: C:/Users/unilo/Downloads/Evomons-20240408T141437Z-001/Evomons/Snaquamon_3D Model/E0051_Snaquamon_DemoShape.fbx
2024-04-08 19:52:00: LOG: Import: C:/Users/unilo/Downloads/Evomons-20240408T141437Z-001/Evomons/Snaquamon_3D Model/E0051_Snaquamon_DemoShape.fbx
2024-04-08 19:52:48: LOG: Import: C:/Users/unilo/Downloads/Evomons-20240408T141437Z-001/Evomons/Snaquamon_3D Model/E0051_Snaquamon_DemoShape.fbx
2024-04-08 19:53:16: LOG: Import: C:/Users/unilo/Downloads/Evomons-20240408T141437Z-001/Evomons/Snaquamon_3D Model/E0051_Snaquamon_DemoShape.fbx
2024-04-10 14:31:30: LOG: Import: C:/Users/unilo/Downloads/morro_motion-warm_up-b7b18cff.fbx
2024-04-12 10:46:09: LOG: Import: C:/Users/unilo/Downloads/morro_motion-warm_up-b7b18cff.fbx
2024-04-12 10:48:19: LOG: Import: C:/Users/unilo/Downloads/morro_motion-warm_up-b7b18cff.fbx
2024-04-12 10:49:56: LOG: Import: C:/Users/unilo/Downloads/morro_motion-warm_up-b7b18cff.fbx
2024-04-16 14:13:50: LOG: Import: C:/Users/unilo/Downloads/Evomons-20240408T141437Z-001/Evomons/Snaquamon_3D Model/E0051_Snaquamon_DemoShape.fbx
2024-04-17 13:00:25: LOG: Import: C:/Users/unilo/Downloads/Alyth_3.3.fbx
2024-04-17 13:02:15: LOG: Import: C:/Users/unilo/Downloads/SKM_AssassinGirl_7.FBX
2024-04-17 21:30:58: LOG: Import: Z:/WORKsync/00_Work/Projects/Prism/Devomon/03_Production/Assets/Characters/Snaquamon/Export/Rigging/master/Snaquamon.fbx
2024-04-17 21:31:00: LOG: [WARNING] BindPose - Incomplete BindPose [nodes parents] - The following parent and/or ancestor node(s) is/are not part of the BindPose definition. Snaquamon_Modeling:E0051_Snaquamon
2024-04-17 21:49:31: LOG: Import: Z:/WORKsync/00_Work/Projects/Prism/Devomon/03_Production/Assets/Characters/Snaquamon/Export/Rigging/master/Snaquamon.fbx
2024-04-17 21:49:33: LOG: [WARNING] BindPose - Incomplete BindPose [nodes parents] - The following parent and/or ancestor node(s) is/are not part of the BindPose definition. Snaquamon_Modeling:E0051_Snaquamon
2024-04-19 18:49:04: LOG: Import: Z:/WORKsync/00_Work/Projects/Prism/Alyth/03_Production/Assets/Characters/Alyth/Export/Rigging/master/Alyth_Rigging_master.fbx
2024-04-19 18:49:21: LOG: [WARNING] BindPose - Incomplete BindPose [nodes parents] - The following parent and/or ancestor node(s) is/are not part of the BindPose definition. model_grp
2024-04-21 19:03:53: LOG: Import: Z:/WORKsync/00_Work/Projects/Prism/Devomon/03_Production/Assets/Characters/Tiramon/Export/Skeletal_Mesh/master/Tiramon_Skeletal_Mesh_master.fbx
2024-04-21 19:05:28: LOG: [WARNING] BindPose - Incomplete BindPose [nodes parents] - The following parent and/or ancestor node(s) is/are not part of the BindPose definition. Tiramon_Modeling:E0010_Tiramon geometry_grp
2024-04-22 12:14:45: LOG: Import: Z:/WORKsync/00_Work/Projects/Prism/Devomon/04_Resources/Export/E00017_Andramon.FBX
2024-04-22 12:21:05: LOG: Import: Z:/WORKsync/00_Work/Projects/Prism/Devomon/04_Resources/Export/Leafomon_E0061_2024_03_14.FBX
2024-04-23 12:56:48: LOG: Import: C:/Users/unilo/Downloads/2024.04.17_Young Girl_3D Model/V7/MC_F01_Full.fbx
2024-04-23 14:21:15: LOG: Import: C:/Users/unilo/Downloads/2024.04.22_Young Boy_Awaken_3D Model_Update 1/Young Boy Awaken/V2/MC_Awaken_M01_Full.fbx
2024-04-23 15:33:57: LOG: Import: C:/Users/unilo/Downloads/2024.04.09_Andramon_3D Rigging_Update 5/Andramon E0017_09_03_2024/E0017_Andramon.fbx
2024-04-29 18:31:54: LOG: Import: C:/Users/unilo/Downloads/morro_motion-warm_up-b7b18cff.fbx
2024-04-29 18:33:50: LOG: Import: C:/Users/unilo/Downloads/morro_motion-warm_up-b7b18cff.fbx
2024-04-29 18:35:21: LOG: Import: C:/Users/unilo/Downloads/morro_motion-warm_up-b7b18cff.fbx
2024-04-29 18:37:01: LOG: Import: C:/Users/unilo/Downloads/morro_motion-warm_up-b7b18cff.fbx
2024-05-01 18:53:58: LOG: Import: C:/Users/unilo/Downloads/big_daddy_LP_NO_final.fbx
2024-05-01 18:54:04: LOG: [WARNING] Malformed Mesh - The plug-in has detected mesh nodes containing polygons with overlapping vertices.
	The following objects have been automatically cleaned up:    TPose1_big_daddy_highpoly_10_polypaint

2024-05-01 19:02:08: LOG: Import: C:/Users/unilo/Downloads/big_daddy_LP_NO_final.fbx
2024-05-01 19:02:12: LOG: [WARNING] Malformed Mesh - The plug-in has detected mesh nodes containing polygons with overlapping vertices.
	The following objects have been automatically cleaned up:    TPose1_big_daddy_highpoly_10_polypaint

2024-05-02 10:11:04: LOG: Import: C:/Users/unilo/Downloads/morro_motion-warm_up-b7b18cff.fbx
2024-05-02 21:09:53: LOG: Import: C:/Users/unilo/Downloads/SKM_AssassinGirl_7.FBX
2024-05-02 21:16:41: LOG: Import: C:/Users/unilo/Downloads/SKM_AssassinGirl_7.FBX
2024-05-03 20:12:01: LOG: Import: C:/Users/unilo/Downloads/morro_motion-warm_up-b7b18cff.fbx
2024-05-08 10:33:11: LOG: Import: C:/Users/unilo/Downloads/morro_motion-warm_up-b7b18cff.fbx
2024-05-08 10:37:26: LOG: Import: C:/Users/unilo/Downloads/morro_motion-warm_up-b7b18cff.fbx
2024-05-13 17:47:13: LOG: Import: C:/Users/unilo/Downloads/morro_motion-warm_up-b7b18cff.fbx
2024-05-16 12:42:58: LOG: Import: C:/Users/unilo/Downloads/morro_motion-warm_up-b7b18cff.fbx
2024-05-17 14:24:21: LOG: Import: C:/Users/unilo/Downloads/morro_motion-warm_up-b7b18cff.fbx
2024-05-21 19:21:40: LOG: Import: C:/Users/unilo/Desktop/camaleon_ribcage.fbx
2024-05-22 10:38:33: LOG: Import: C:/Users/unilo/Downloads/morro_motion-warm_up-b7b18cff.fbx
2024-05-22 11:15:26: LOG: Import: Z:/WORKsync/00_Work/Projects/Prism/Devomon/03_Production/Shots/sq_dev/sh_Pescaomon_bodyrom/Export/Animation/master/sq_dev-sh_Pescaomon_bodyrom_Animation_master.fbx
2024-05-22 11:41:35: LOG: Import: Z:/WORKsync/00_Work/Projects/Prism/Devomon/03_Production/Assets/Characters/Pescaomon/Export/Skeletal_Mesh/master/Pescaomon_Skeletal_Mesh_master.fbx
2024-05-22 11:47:55: LOG: Import: Z:/WORKsync/00_Work/Projects/Prism/Devomon/03_Production/Assets/Characters/Pescaomon/Export/Skeletal_Mesh/master/Pescaomon_Skeletal_Mesh_master.fbx
2024-05-22 12:01:53: LOG: Import: Z:/WORKsync/00_Work/Projects/Prism/Devomon/03_Production/Assets/Characters/Pescaomon/Export/Skeletal_Mesh/master/Pescaomon_Skeletal_Mesh_master.fbx
2024-05-22 12:01:55: LOG: [WARNING] BindPose - Incomplete BindPose [nodes parents] - The following parent and/or ancestor node(s) is/are not part of the BindPose definition. E0050_Pescaomon geometry_grp
2024-05-22 12:13:29: LOG: Import: C:/Users/unilo/Desktop/pescaomon_test.fbx
2024-05-22 12:13:32: LOG: [WARNING] BindPose - Incomplete BindPose [nodes parents] - The following parent and/or ancestor node(s) is/are not part of the BindPose definition. Pescaomon_Modeling:E0050_Pescaomon
2024-05-22 14:38:24: LOG: Import: Z:/WORKsync/00_Work/Projects/Prism/Devomon/03_Production/Assets/Characters/Pescaomon/Export/Skeletal_Mesh/master/Pescaomon_Skeletal_Mesh_master.fbx
2024-05-22 14:38:27: LOG: [WARNING] BindPose - Incomplete BindPose [nodes parents] - The following parent and/or ancestor node(s) is/are not part of the BindPose definition. Pescaomon_Modeling:E0050_Pescaomon
2024-05-22 14:41:22: LOG: Import: Z:/WORKsync/00_Work/Projects/Prism/Devomon/03_Production/Assets/Characters/Pescaomon/Export/Skeletal_Mesh/master/Pescaomon_Skeletal_Mesh_master.fbx
2024-05-22 14:41:28: LOG: [WARNING] BindPose - Incomplete BindPose [nodes parents] - The following parent and/or ancestor node(s) is/are not part of the BindPose definition. Pescaomon_Modeling:E0050_Pescaomon
2024-05-22 15:00:08: LOG: Import: Z:/WORKsync/00_Work/Projects/Prism/Devomon/03_Production/Assets/Characters/Snaquamon/Export/Skeletal_Mesh/master/Snaquamon_Skeletal_Mesh_master.fbx
2024-05-22 15:00:13: LOG: [WARNING] BindPose - Incomplete BindPose [nodes parents] - The following parent and/or ancestor node(s) is/are not part of the BindPose definition. Snaquamon_Modeling:E0051_Snaquamon
2024-05-25 18:30:23: LOG: Import: Z:/WORKsync/00_Work/Projects/Prism/ThatSkyFeeling/03_Production/Assets/Characters/atChamaleon/Export/Modeling/master/atChamaleon_Modeling_master.fbx
2024-05-25 22:43:28: LOG: Import: C:/Users/unilo/Downloads/morro_motion-warm_up-b7b18cff.fbx
2024-05-27 16:49:02: LOG: Import: C:/Users/unilo/Downloads/C0002_Young Boy_Awaken-20240527T144636Z-001/C0002_Young Boy_Awaken/Model + Texture/MC_Awaken_M01_Full.fbx
2024-05-27 16:49:03: LOG: Import: C:/Users/unilo/Downloads/C0002_Young Boy_Awaken-20240527T144636Z-001/C0002_Young Boy_Awaken/Model + Texture/MC_Awaken_MBottom01.fbx
2024-05-27 16:49:03: LOG: Import: C:/Users/unilo/Downloads/C0002_Young Boy_Awaken-20240527T144636Z-001/C0002_Young Boy_Awaken/Model + Texture/MC_Awaken_MHair01.fbx
2024-05-27 16:49:03: LOG: Import: C:/Users/unilo/Downloads/C0002_Young Boy_Awaken-20240527T144636Z-001/C0002_Young Boy_Awaken/Model + Texture/MC_Awaken_MShoe01.fbx
2024-05-27 16:49:03: LOG: Import: C:/Users/unilo/Downloads/C0002_Young Boy_Awaken-20240527T144636Z-001/C0002_Young Boy_Awaken/Model + Texture/MC_Awaken_MTop01.fbx
2024-05-27 16:49:47: LOG: Import: C:/Users/unilo/Downloads/C0001_Young Boy-20240527T144154Z-001/C0001_Young Boy/Model + Texture/Young Boy_3D Model/MC_MTop02.fbx
2024-05-27 16:49:47: LOG: Import: C:/Users/unilo/Downloads/C0001_Young Boy-20240527T144154Z-001/C0001_Young Boy/Model + Texture/Young Boy_3D Model/MC_M01_Full.fbx
2024-05-27 16:49:48: LOG: Import: C:/Users/unilo/Downloads/C0001_Young Boy-20240527T144154Z-001/C0001_Young Boy/Model + Texture/Young Boy_3D Model/MC_MTop01.fbx
2024-05-27 16:49:48: LOG: Import: C:/Users/unilo/Downloads/C0001_Young Boy-20240527T144154Z-001/C0001_Young Boy/Model + Texture/Young Boy_3D Model/MC_MBottom01.fbx
2024-05-27 16:49:48: LOG: Import: C:/Users/unilo/Downloads/C0001_Young Boy-20240527T144154Z-001/C0001_Young Boy/Model + Texture/Young Boy_3D Model/MC_MGlove01.fbx
2024-05-27 16:49:49: LOG: Import: C:/Users/unilo/Downloads/C0001_Young Boy-20240527T144154Z-001/C0001_Young Boy/Model + Texture/Young Boy_3D Model/MC_MShoe01.fbx
2024-05-27 16:49:49: LOG: Import: C:/Users/unilo/Downloads/C0001_Young Boy-20240527T144154Z-001/C0001_Young Boy/Model + Texture/Young Boy_3D Model/MC_MHair01.fbx
2024-05-27 17:00:27: LOG: Import: C:/Users/unilo/Downloads/C0001_Young Boy-20240527T144154Z-001/C0001_Young Boy/Model + Texture/Young Boy_3D Model/MC_M01_Full.fbx
2024-05-27 17:00:28: LOG: Import: C:/Users/unilo/Downloads/C0001_Young Boy-20240527T144154Z-001/C0001_Young Boy/Model + Texture/Young Boy_3D Model/MC_MTop01.fbx
2024-05-27 17:00:28: LOG: Import: C:/Users/unilo/Downloads/C0001_Young Boy-20240527T144154Z-001/C0001_Young Boy/Model + Texture/Young Boy_3D Model/MC_MBottom01.fbx
2024-05-27 17:00:28: LOG: Import: C:/Users/unilo/Downloads/C0001_Young Boy-20240527T144154Z-001/C0001_Young Boy/Model + Texture/Young Boy_3D Model/MC_MGlove01.fbx
2024-05-27 17:00:28: LOG: Import: C:/Users/unilo/Downloads/C0001_Young Boy-20240527T144154Z-001/C0001_Young Boy/Model + Texture/Young Boy_3D Model/MC_MShoe01.fbx
2024-05-27 17:00:29: LOG: Import: C:/Users/unilo/Downloads/C0001_Young Boy-20240527T144154Z-001/C0001_Young Boy/Model + Texture/Young Boy_3D Model/MC_MHair01.fbx
2024-05-27 17:00:29: LOG: Import: C:/Users/unilo/Downloads/C0001_Young Boy-20240527T144154Z-001/C0001_Young Boy/Model + Texture/Young Boy_3D Model/MC_MTop02.fbx
2024-05-27 17:05:18: LOG: Import: C:/Users/unilo/Downloads/C0003_Young Girl-20240527T144158Z-001/C0003_Young Girl/Model + Texture/MC_F01_Full.fbx
2024-05-27 17:05:18: LOG: Import: C:/Users/unilo/Downloads/C0003_Young Girl-20240527T144158Z-001/C0003_Young Girl/Model + Texture/MC_FHair01.fbx
2024-05-27 17:05:18: LOG: Import: C:/Users/unilo/Downloads/C0003_Young Girl-20240527T144158Z-001/C0003_Young Girl/Model + Texture/MC_FTop01.fbx
2024-05-27 17:05:19: LOG: Import: C:/Users/unilo/Downloads/C0003_Young Girl-20240527T144158Z-001/C0003_Young Girl/Model + Texture/MC_FShoe01.fbx
2024-05-27 17:13:03: LOG: Import: C:/Users/unilo/Downloads/C0002_Young Boy_Awaken-20240527T144636Z-001/C0002_Young Boy_Awaken/Model + Texture/MC_Awaken_M01_Full.fbx
2024-05-27 17:13:04: LOG: Import: C:/Users/unilo/Downloads/C0002_Young Boy_Awaken-20240527T144636Z-001/C0002_Young Boy_Awaken/Model + Texture/MC_Awaken_MBottom01.fbx
2024-05-27 17:13:04: LOG: Import: C:/Users/unilo/Downloads/C0002_Young Boy_Awaken-20240527T144636Z-001/C0002_Young Boy_Awaken/Model + Texture/MC_Awaken_MHair01.fbx
2024-05-27 17:13:04: LOG: Import: C:/Users/unilo/Downloads/C0002_Young Boy_Awaken-20240527T144636Z-001/C0002_Young Boy_Awaken/Model + Texture/MC_Awaken_MShoe01.fbx
2024-05-27 17:13:04: LOG: Import: C:/Users/unilo/Downloads/C0002_Young Boy_Awaken-20240527T144636Z-001/C0002_Young Boy_Awaken/Model + Texture/MC_Awaken_MTop01.fbx
2024-05-27 17:17:11: LOG: Import: C:/Users/unilo/Downloads/C0004_Young Girl_Awaken-20240527T144201Z-001/C0004_Young Girl_Awaken/Model + Texture/MC_Awaken_F01_Full.fbx
2024-05-27 17:17:12: LOG: Import: C:/Users/unilo/Downloads/C0004_Young Girl_Awaken-20240527T144201Z-001/C0004_Young Girl_Awaken/Model + Texture/MC_Awaken_FShoe01.fbx
2024-05-27 17:17:12: LOG: Import: C:/Users/unilo/Downloads/C0004_Young Girl_Awaken-20240527T144201Z-001/C0004_Young Girl_Awaken/Model + Texture/MC_Awaken_FBottom01.fbx
2024-05-27 17:17:13: LOG: Import: C:/Users/unilo/Downloads/C0004_Young Girl_Awaken-20240527T144201Z-001/C0004_Young Girl_Awaken/Model + Texture/MC_Awaken_FHair01.fbx
2024-05-27 17:17:13: LOG: Import: C:/Users/unilo/Downloads/C0004_Young Girl_Awaken-20240527T144201Z-001/C0004_Young Girl_Awaken/Model + Texture/MC_Awaken_FTop01.fbx
2024-05-29 10:15:27: LOG: Import: C:/Users/unilo/Downloads/morro_motion-warm_up-b7b18cff.fbx
2024-05-29 11:40:54: LOG: Import: C:/Users/unilo/Downloads/morro_motion-warm_up-b7b18cff.fbx
2024-06-05 13:46:43: LOG: Import: C:/Users/unilo/Downloads/E0009_Trustmon-20240604T085959Z-001/E0009_Trustmon/Model + Texure/E0009_Trustmon.fbx
2024-06-05 13:46:44: LOG: Import: C:/Users/unilo/Downloads/E0009_Trustmon-20240604T085959Z-001/E0009_Trustmon/Model + Texure/E0009_Trustmon_Horn01.fbx
2024-06-05 13:46:45: LOG: Import: C:/Users/unilo/Downloads/E0009_Trustmon-20240604T085959Z-001/E0009_Trustmon/Model + Texure/E0009_Trustmon_Tattoo01.fbx
2024-06-05 13:46:45: LOG: Import: C:/Users/unilo/Downloads/E0009_Trustmon-20240604T085959Z-001/E0009_Trustmon/Model + Texure/E0009_Trustmon_Tattoo02.fbx
2024-06-05 13:46:47: LOG: Import: C:/Users/unilo/Downloads/E0009_Trustmon-20240604T085959Z-001/E0009_Trustmon/Model + Texure/E0009_Trustmon_Tattoo03.fbx
2024-06-05 15:27:03: LOG: Import: Z:/WORKsync/00_Work/Projects/Prism/ThatSkyFeeling/04_Resources/ribcage.fbx
2024-06-06 22:23:27: LOG: Import: Z:/WORKsync/00_Work/Projects/Prism/Devomon/03_Production/Shots/sq_dev/sh_Metamon_bodyrom/Export/Animation/master/sq_dev-sh_Metamon_bodyrom_Animation_master.fbx
2024-06-13 00:47:11: LOG: Import: C:/Users/unilo/Downloads/Balrog_Complete_LP.fbx
2024-06-14 09:14:24: LOG: Import: C:/Users/unilo/Downloads/morro_motion-warm_up-b7b18cff.fbx
2024-06-23 19:06:03: LOG: Import: C:/Users/unilo/Downloads/ecorchè fixed.fbx
2024-06-26 09:27:06: LOG: Import: C:/Users/unilo/Downloads/Balrog_Complete_FINAL_LP_UV_004.fbx
2024-06-26 09:28:45: LOG: Import: C:/Users/unilo/Downloads/Balrog_Complete_FINAL_LP_UV_004.fbx
2024-06-27 17:45:18: LOG: Import: Z:/SHORTCUT/TheMidnightTraveler/03_Production/Assets/Prop/Carriage/Export/Modeling/master/Carriage_Modeling_master.fbx
2024-06-27 17:49:18: LOG: Import: Z:/SHORTCUT/TheMidnightTraveler/03_Production/Assets/Prop/Carriage/Export/Modeling/master/Carriage_Modeling_master.fbx
2024-06-27 17:54:09: LOG: Import: Z:/SHORTCUT/TheMidnightTraveler/03_Production/Assets/Prop/Carriage/Export/Modeling/master/Carriage_Modeling_master.fbx
2024-06-27 19:26:39: LOG: Import: Z:/SHORTCUT/TheMidnightTraveler/03_Production/Assets/Prop/Carriage/Export/Modeling/master/Carriage_Modeling_master.fbx
2024-06-27 19:29:38: LOG: Import: Z:/SHORTCUT/TheMidnightTraveler/03_Production/Assets/Prop/Carriage/Export/Modeling/master/Carriage_Modeling_master.fbx
2024-06-27 19:29:55: LOG: Import: Z:/SHORTCUT/TheMidnightTraveler/03_Production/Assets/Prop/Carriage/Export/Modeling/master/Carriage_Modeling_master.fbx
2024-07-06 15:07:56: LOG: Import: C:/Users/unilo/Desktop/Muscle_Anatomy_uv.fbx
2024-07-13 19:55:49: LOG: Import: C:/Users/unilo/Downloads/Membrane_wing_LP_doubleside.fbx
2024-07-13 19:55:49: LOG: Import: C:/Users/unilo/Downloads/Membrane_wing_LP_oneside.fbx
2024-07-14 09:08:03: LOG: Import: C:/Users/unilo/Downloads/morro_motion-warm_up-b7b18cff.fbx
2024-07-14 09:16:21: LOG: Import: C:/Users/unilo/Downloads/morro_motion-finger_taunt-8131501e.fbx
2024-07-14 09:29:24: LOG: Import: C:/Users/unilo/Downloads/morro_motion-finger_taunt-8131501e.fbx
2024-07-14 12:06:45: LOG: Import: C:/Users/unilo/Downloads/morro_motion-warm_up-b7b18cff.fbx
2024-07-14 12:12:45: LOG: Import: C:/Users/unilo/Downloads/morro_motion-finger_taunt-8131501e.fbx
2024-08-13 17:57:21: LOG: Import: Z:/WORKsync/00_Work/Projects/Prism/Devomon/03_Production/Assets/Characters/Miner/Export/Skeletal_Mesh/master/Miner_Skeletal_Mesh_master.fbx
2024-08-17 11:10:20: LOG: Import: C:/Users/unilo/Desktop/Anatomy_t_pose_fix.fbx
